  leetcode.cpp
S:\GitHubReps\Codeforces-Leetcode-Template\declarations.h(47,21): warning C4244: 'initializing': conversion from 'double' to 'int', possible loss of data
  (compiling source file 'leetcode.cpp')
  
S:\GitHubReps\Codeforces-Leetcode-Template\functions.h(77,11): warning C4267: 'initializing': conversion from 'size_t' to 'int', possible loss of data
  (compiling source file 'leetcode.cpp')
  
S:\GitHubReps\Codeforces-Leetcode-Template\functions.h(128,11): warning C4267: 'initializing': conversion from 'size_t' to 'int', possible loss of data
  (compiling source file 'leetcode.cpp')
  
S:\GitHubReps\Codeforces-Leetcode-Template\functions.h(231,11): warning C4267: 'initializing': conversion from 'size_t' to 'int', possible loss of data
  (compiling source file 'leetcode.cpp')
  
S:\GitHubReps\Codeforces-Leetcode-Template\functions.h(250,11): warning C4267: 'initializing': conversion from 'size_t' to 'int', possible loss of data
  (compiling source file 'leetcode.cpp')
  
S:\GitHubReps\Codeforces-Leetcode-Template\functions.h(251,11): warning C4267: 'initializing': conversion from 'size_t' to 'int', possible loss of data
  (compiling source file 'leetcode.cpp')
  
S:\GitHubReps\Codeforces-Leetcode-Template\computational_geometry.h(38,20): warning C4267: 'initializing': conversion from 'size_t' to 'int', possible loss of data
  (compiling source file 'leetcode.cpp')
  
S:\GitHubReps\Codeforces-Leetcode-Template\computational_geometry.h(39,16): warning C4267: 'initializing': conversion from 'size_t' to 'int', possible loss of data
  (compiling source file 'leetcode.cpp')
  
S:\GitHubReps\Codeforces-Leetcode-Template\computational_geometry.h(51,11): warning C4267: 'initializing': conversion from 'size_t' to 'int', possible loss of data
  (compiling source file 'leetcode.cpp')
  
S:\GitHubReps\Codeforces-Leetcode-Template\computational_geometry.h(112,11): warning C4267: 'initializing': conversion from 'size_t' to 'int', possible loss of data
  (compiling source file 'leetcode.cpp')
  
S:\GitHubReps\Codeforces-Leetcode-Template\computational_geometry.h(130,45): warning C4244: 'argument': conversion from 'double' to 'int', possible loss of data
  (compiling source file 'leetcode.cpp')
  
S:\GitHubReps\Codeforces-Leetcode-Template\computational_geometry.h(130,22): warning C4244: 'argument': conversion from 'double' to 'int', possible loss of data
  (compiling source file 'leetcode.cpp')
  
S:\GitHubReps\Codeforces-Leetcode-Template\computational_geometry.h(178,11): warning C4267: 'initializing': conversion from 'size_t' to 'int', possible loss of data
  (compiling source file 'leetcode.cpp')
  
S:\GitHubReps\Codeforces-Leetcode-Template\computational_geometry.h(192,11): warning C4267: 'initializing': conversion from 'size_t' to 'int', possible loss of data
  (compiling source file 'leetcode.cpp')
  
S:\GitHubReps\Codeforces-Leetcode-Template\computational_geometry.h(216,11): warning C4267: 'initializing': conversion from 'size_t' to 'int', possible loss of data
  (compiling source file 'leetcode.cpp')
  
S:\GitHubReps\Codeforces-Leetcode-Template\computational_geometry.h(241,21): warning C4244: 'argument': conversion from 'double' to 'int', possible loss of data
  (compiling source file 'leetcode.cpp')
  
S:\GitHubReps\Codeforces-Leetcode-Template\computational_geometry.h(241,18): warning C4244: 'argument': conversion from 'double' to 'int', possible loss of data
  (compiling source file 'leetcode.cpp')
  
S:\GitHubReps\Codeforces-Leetcode-Template\computational_geometry.h(247,11): warning C4267: 'initializing': conversion from 'size_t' to 'int', possible loss of data
  (compiling source file 'leetcode.cpp')
  
S:\GitHubReps\Codeforces-Leetcode-Template\computational_geometry.h(247,29): warning C4267: 'initializing': conversion from 'size_t' to 'int', possible loss of data
  (compiling source file 'leetcode.cpp')
  
S:\GitHubReps\Codeforces-Leetcode-Template\computational_geometry.h(264,78): warning C4244: 'argument': conversion from 'double' to 'int', possible loss of data
  (compiling source file 'leetcode.cpp')
  
S:\GitHubReps\Codeforces-Leetcode-Template\computational_geometry.h(264,39): warning C4244: 'argument': conversion from 'double' to 'int', possible loss of data
  (compiling source file 'leetcode.cpp')
  
S:\GitHubReps\Codeforces-Leetcode-Template\graphs.h(47,11): warning C4267: 'initializing': conversion from 'size_t' to 'int', possible loss of data
  (compiling source file 'leetcode.cpp')
  
S:\GitHubReps\Codeforces-Leetcode-Template\graphs.h(63,11): warning C4267: 'initializing': conversion from 'size_t' to 'int', possible loss of data
  (compiling source file 'leetcode.cpp')
  
S:\GitHubReps\Codeforces-Leetcode-Template\graphs.h(77,11): warning C4267: 'initializing': conversion from 'size_t' to 'int', possible loss of data
  (compiling source file 'leetcode.cpp')
  
S:\GitHubReps\Codeforces-Leetcode-Template\graphs.h(93,11): warning C4267: 'initializing': conversion from 'size_t' to 'int', possible loss of data
  (compiling source file 'leetcode.cpp')
  
S:\GitHubReps\Codeforces-Leetcode-Template\graphs.h(107,11): warning C4267: 'initializing': conversion from 'size_t' to 'int', possible loss of data
  (compiling source file 'leetcode.cpp')
  
S:\GitHubReps\Codeforces-Leetcode-Template\graphs.h(144,11): warning C4267: 'initializing': conversion from 'size_t' to 'int', possible loss of data
  (compiling source file 'leetcode.cpp')
  
S:\GitHubReps\Codeforces-Leetcode-Template\graphs.h(166,11): warning C4267: 'initializing': conversion from 'size_t' to 'int', possible loss of data
  (compiling source file 'leetcode.cpp')
  
S:\GitHubReps\Codeforces-Leetcode-Template\graphs.h(194,11): warning C4267: 'initializing': conversion from 'size_t' to 'int', possible loss of data
  (compiling source file 'leetcode.cpp')
  
S:\GitHubReps\Codeforces-Leetcode-Template\graphs.h(216,11): warning C4267: 'initializing': conversion from 'size_t' to 'int', possible loss of data
  (compiling source file 'leetcode.cpp')
  
S:\GitHubReps\Codeforces-Leetcode-Template\graphs.h(231,11): warning C4267: 'initializing': conversion from 'size_t' to 'int', possible loss of data
  (compiling source file 'leetcode.cpp')
  
S:\GitHubReps\Codeforces-Leetcode-Template\graphs.h(261,11): warning C4267: 'initializing': conversion from 'size_t' to 'int', possible loss of data
  (compiling source file 'leetcode.cpp')
  
S:\GitHubReps\Codeforces-Leetcode-Template\graphs.h(293,11): warning C4267: 'initializing': conversion from 'size_t' to 'int', possible loss of data
  (compiling source file 'leetcode.cpp')
  
S:\GitHubReps\Codeforces-Leetcode-Template\graphs.h(338,11): warning C4267: 'initializing': conversion from 'size_t' to 'int', possible loss of data
  (compiling source file 'leetcode.cpp')
  
S:\GitHubReps\Codeforces-Leetcode-Template\graphs.h(366,11): warning C4267: 'initializing': conversion from 'size_t' to 'int', possible loss of data
  (compiling source file 'leetcode.cpp')
  
  leetcode.vcxproj -> S:\GitHubReps\Codeforces-Leetcode-Template\x64\Debug\leetcode.exe
